[    1287ms] [WARNING] Setting secure=true because sameSite=None requires secure cookies @ https://assets.alicdn.com/g/lzd_sec/LWSC-G/index.js:0
[    1289ms] [WARNING] A parser-blocking, cross site (i.e. different eTLD+1) script, https://assets.alicdn.com/g/??/AWSC/AWSC/awsc.js,/sd/baxia-entry/baxiaCommon.js, is invoked via document.write. The network request for this script MAY be blocked by the browser in this or a future page load due to poor network connectivity. If blocked in this page load, it will be confirmed in a subsequent console message. See https://www.chromestatus.com/feature/5718547946799104 for more details. @ https://assets.alicdn.com/g/lzd_sec/LWSC-G/index.js:0
[    1289ms] [WARNING] A parser-blocking, cross site (i.e. different eTLD+1) script, https://assets.alicdn.com/g/??/AWSC/AWSC/awsc.js,/sd/baxia-entry/baxiaCommon.js, is invoked via document.write. The network request for this script MAY be blocked by the browser in this or a future page load due to poor network connectivity. If blocked in this page load, it will be confirmed in a subsequent console message. See https://www.chromestatus.com/feature/5718547946799104 for more details. @ https://assets.alicdn.com/g/lzd_sec/LWSC-G/index.js:0
[    3452ms] [LOG] Wed Apr 22 2026 05:08:32 GMT+0700 (Indochina Time) @ https://assets.aliexpress-media.com/g/AWSC/et/1.83.41/et_f.js:1
[    3814ms] [WARNING] 'et' should been 'EXP','CLK','SLD','INPUT','SYS', 'OTHER' @ https://assets.aliexpress-media.com/g/ae-fe/cosmos/0.0.427/pc/gep-sdk.js:0
[    3951ms] [LOG] [poplayer-web-container] init {positionSign: PC_Search_Ui_Product_List} @ https://assets.aliexpress-media.com/g/ae-fe/cosmos/0.0.427/pc/pop-layer.js:0
[    3983ms] [LOG] load css succ @ https://assets.aliexpress-media.com/g/ae-fe/cosmos/0.0.427/pc/index.js:0
[    3992ms] [WARNING] 'et' should been 'EXP','CLK','SLD','INPUT','SYS', 'OTHER' @ https://assets.aliexpress-media.com/g/ae-fe/cosmos/0.0.427/pc/gep-sdk.js:0
[    3993ms] [WARNING] 'et' should been 'EXP','CLK','SLD','INPUT','SYS', 'OTHER' @ https://assets.aliexpress-media.com/g/ae-fe/cosmos/0.0.427/pc/gep-sdk.js:0
[    3993ms] [WARNING] 'et' should been 'EXP','CLK','SLD','INPUT','SYS', 'OTHER' @ https://assets.aliexpress-media.com/g/ae-fe/cosmos/0.0.427/pc/gep-sdk.js:0
[    3993ms] [WARNING] 'et' should been 'EXP','CLK','SLD','INPUT','SYS', 'OTHER' @ https://assets.aliexpress-media.com/g/ae-fe/cosmos/0.0.427/pc/gep-sdk.js:0
[    3994ms] [WARNING] 'et' should been 'EXP','CLK','SLD','INPUT','SYS', 'OTHER' @ https://assets.aliexpress-media.com/g/ae-fe/cosmos/0.0.427/pc/gep-sdk.js:0
[    3994ms] [WARNING] 'et' should been 'EXP','CLK','SLD','INPUT','SYS', 'OTHER' @ https://assets.aliexpress-media.com/g/ae-fe/cosmos/0.0.427/pc/gep-sdk.js:0
[    3994ms] [WARNING] 'et' should been 'EXP','CLK','SLD','INPUT','SYS', 'OTHER' @ https://assets.aliexpress-media.com/g/ae-fe/cosmos/0.0.427/pc/gep-sdk.js:0
[    4128ms] [LOG] load succ @ https://assets.aliexpress-media.com/g/ae-fe/cosmos/0.0.427/pc/index.js:0
[    4151ms] [WARNING] 'et' should been 'EXP','CLK','SLD','INPUT','SYS', 'OTHER' @ https://assets.aliexpress-media.com/g/ae-fe/cosmos/0.0.427/pc/gep-sdk.js:0
[    4168ms] [WARNING] 'et' should been 'EXP','CLK','SLD','INPUT','SYS', 'OTHER' @ https://assets.aliexpress-media.com/g/ae-fe/cosmos/0.0.427/pc/gep-sdk.js:0
[    4170ms] [WARNING] 'et' should been 'EXP','CLK','SLD','INPUT','SYS', 'OTHER' @ https://assets.aliexpress-media.com/g/ae-fe/cosmos/0.0.427/pc/gep-sdk.js:0
[    4172ms] [WARNING] 'et' should been 'EXP','CLK','SLD','INPUT','SYS', 'OTHER' @ https://assets.aliexpress-media.com/g/ae-fe/cosmos/0.0.427/pc/gep-sdk.js:0
[    4175ms] [WARNING] 'et' should been 'EXP','CLK','SLD','INPUT','SYS', 'OTHER' @ https://assets.aliexpress-media.com/g/ae-fe/cosmos/0.0.427/pc/gep-sdk.js:0
[    4316ms] [WARNING] 'et' should been 'EXP','CLK','SLD','INPUT','SYS', 'OTHER' @ https://assets.aliexpress-media.com/g/ae-fe/cosmos/0.0.427/pc/gep-sdk.js:0
[    4446ms] [WARNING] 'et' should been 'EXP','CLK','SLD','INPUT','SYS', 'OTHER' @ https://assets.aliexpress-media.com/g/ae-fe/cosmos/0.0.427/pc/gep-sdk.js:0
[    4448ms] [WARNING] 'et' should been 'EXP','CLK','SLD','INPUT','SYS', 'OTHER' @ https://assets.aliexpress-media.com/g/ae-fe/cosmos/0.0.427/pc/gep-sdk.js:0
[    4674ms] [WARNING] 'et' should been 'EXP','CLK','SLD','INPUT','SYS', 'OTHER' @ https://assets.aliexpress-media.com/g/ae-fe/cosmos/0.0.427/pc/gep-sdk.js:0
[    4675ms] [WARNING] 'et' should been 'EXP','CLK','SLD','INPUT','SYS', 'OTHER' @ https://assets.aliexpress-media.com/g/ae-fe/cosmos/0.0.427/pc/gep-sdk.js:0
[    5243ms] [WARNING] 'et' should been 'EXP','CLK','SLD','INPUT','SYS', 'OTHER' @ https://assets.aliexpress-media.com/g/ae-fe/cosmos/0.0.427/pc/gep-sdk.js:0
