[    1035ms] [WARNING] Setting secure=true because sameSite=None requires secure cookies @ https://assets.alicdn.com/g/lzd_sec/LWSC-G/index.js:0
[    1039ms] [WARNING] A parser-blocking, cross site (i.e. different eTLD+1) script, https://assets.alicdn.com/g/??/AWSC/AWSC/awsc.js,/sd/baxia-entry/baxiaCommon.js, is invoked via document.write. The network request for this script MAY be blocked by the browser in this or a future page load due to poor network connectivity. If blocked in this page load, it will be confirmed in a subsequent console message. See https://www.chromestatus.com/feature/5718547946799104 for more details. @ https://assets.alicdn.com/g/lzd_sec/LWSC-G/index.js:0
[    1039ms] [WARNING] A parser-blocking, cross site (i.e. different eTLD+1) script, https://assets.alicdn.com/g/??/AWSC/AWSC/awsc.js,/sd/baxia-entry/baxiaCommon.js, is invoked via document.write. The network request for this script MAY be blocked by the browser in this or a future page load due to poor network connectivity. If blocked in this page load, it will be confirmed in a subsequent console message. See https://www.chromestatus.com/feature/5718547946799104 for more details. @ https://assets.alicdn.com/g/lzd_sec/LWSC-G/index.js:0
[    1157ms] [WARNING] Setting secure=true because sameSite=None requires secure cookies @ https://assets.alicdn.com/g/lzd_sec/LWSC-G/index.js:0
[    1159ms] [WARNING] A parser-blocking, cross site (i.e. different eTLD+1) script, https://assets.alicdn.com/g/??/AWSC/AWSC/awsc.js,/sd/baxia-entry/baxiaCommon.js, is invoked via document.write. The network request for this script MAY be blocked by the browser in this or a future page load due to poor network connectivity. If blocked in this page load, it will be confirmed in a subsequent console message. See https://www.chromestatus.com/feature/5718547946799104 for more details. @ https://assets.alicdn.com/g/lzd_sec/LWSC-G/index.js:0
[    1160ms] [WARNING] A parser-blocking, cross site (i.e. different eTLD+1) script, https://assets.alicdn.com/g/??/AWSC/AWSC/awsc.js,/sd/baxia-entry/baxiaCommon.js, is invoked via document.write. The network request for this script MAY be blocked by the browser in this or a future page load due to poor network connectivity. If blocked in this page load, it will be confirmed in a subsequent console message. See https://www.chromestatus.com/feature/5718547946799104 for more details. @ https://assets.alicdn.com/g/lzd_sec/LWSC-G/index.js:0
[    1578ms] [LOG] Wed Apr 22 2026 05:09:00 GMT+0700 (Indochina Time) @ https://assets.aliexpress-media.com/g/AWSC/et/1.83.41/et_f.js:1
[    1601ms] [LOG] Wed Apr 22 2026 05:09:00 GMT+0700 (Indochina Time) @ https://assets.aliexpress-media.com/g/AWSC/et/1.83.41/et_f.js:1
[    1913ms] [LOG] load css succ @ https://assets.aliexpress-media.com/g/ae-fe/cosmos/0.0.427/pc/index.js:0
[    1987ms] [LOG] load css succ @ https://assets.aliexpress-media.com/g/ae-fe/cosmos/0.0.427/pc/index.js:0
[    2004ms] [WARNING] 'et' should been 'EXP','CLK','SLD','INPUT','SYS', 'OTHER' @ https://assets.aliexpress-media.com/g/ae-fe/cosmos/0.0.427/pc/gep-sdk.js:0
[    2004ms] [WARNING] 'et' should been 'EXP','CLK','SLD','INPUT','SYS', 'OTHER' @ https://assets.aliexpress-media.com/g/ae-fe/cosmos/0.0.427/pc/gep-sdk.js:0
[    2004ms] [WARNING] 'et' should been 'EXP','CLK','SLD','INPUT','SYS', 'OTHER' @ https://assets.aliexpress-media.com/g/ae-fe/cosmos/0.0.427/pc/gep-sdk.js:0
[    2004ms] [WARNING] 'et' should been 'EXP','CLK','SLD','INPUT','SYS', 'OTHER' @ https://assets.aliexpress-media.com/g/ae-fe/cosmos/0.0.427/pc/gep-sdk.js:0
[    2004ms] [WARNING] 'et' should been 'EXP','CLK','SLD','INPUT','SYS', 'OTHER' @ https://assets.aliexpress-media.com/g/ae-fe/cosmos/0.0.427/pc/gep-sdk.js:0
[    2004ms] [WARNING] 'et' should been 'EXP','CLK','SLD','INPUT','SYS', 'OTHER' @ https://assets.aliexpress-media.com/g/ae-fe/cosmos/0.0.427/pc/gep-sdk.js:0
[    2004ms] [WARNING] 'et' should been 'EXP','CLK','SLD','INPUT','SYS', 'OTHER' @ https://assets.aliexpress-media.com/g/ae-fe/cosmos/0.0.427/pc/gep-sdk.js:0
[    2004ms] [WARNING] 'et' should been 'EXP','CLK','SLD','INPUT','SYS', 'OTHER' @ https://assets.aliexpress-media.com/g/ae-fe/cosmos/0.0.427/pc/gep-sdk.js:0
[    2004ms] [WARNING] 'et' should been 'EXP','CLK','SLD','INPUT','SYS', 'OTHER' @ https://assets.aliexpress-media.com/g/ae-fe/cosmos/0.0.427/pc/gep-sdk.js:0
[    2004ms] [WARNING] 'et' should been 'EXP','CLK','SLD','INPUT','SYS', 'OTHER' @ https://assets.aliexpress-media.com/g/ae-fe/cosmos/0.0.427/pc/gep-sdk.js:0
[    2005ms] [WARNING] 'et' should been 'EXP','CLK','SLD','INPUT','SYS', 'OTHER' @ https://assets.aliexpress-media.com/g/ae-fe/cosmos/0.0.427/pc/gep-sdk.js:0
[    2005ms] [WARNING] 'et' should been 'EXP','CLK','SLD','INPUT','SYS', 'OTHER' @ https://assets.aliexpress-media.com/g/ae-fe/cosmos/0.0.427/pc/gep-sdk.js:0
[    2005ms] [WARNING] 'et' should been 'EXP','CLK','SLD','INPUT','SYS', 'OTHER' @ https://assets.aliexpress-media.com/g/ae-fe/cosmos/0.0.427/pc/gep-sdk.js:0
[    2005ms] [WARNING] 'et' should been 'EXP','CLK','SLD','INPUT','SYS', 'OTHER' @ https://assets.aliexpress-media.com/g/ae-fe/cosmos/0.0.427/pc/gep-sdk.js:0
[    2029ms] [LOG] [poplayer-web-container] init {positionSign: PC_Search_Ui_Product_List} @ https://assets.aliexpress-media.com/g/ae-fe/cosmos/0.0.427/pc/pop-layer.js:0
[    2112ms] [LOG] load succ @ https://assets.aliexpress-media.com/g/ae-fe/cosmos/0.0.427/pc/index.js:0
[    2340ms] [WARNING] 'et' should been 'EXP','CLK','SLD','INPUT','SYS', 'OTHER' @ https://assets.aliexpress-media.com/g/ae-fe/cosmos/0.0.427/pc/gep-sdk.js:0
[    2340ms] [WARNING] 'et' should been 'EXP','CLK','SLD','INPUT','SYS', 'OTHER' @ https://assets.aliexpress-media.com/g/ae-fe/cosmos/0.0.427/pc/gep-sdk.js:0
[    2340ms] [WARNING] 'et' should been 'EXP','CLK','SLD','INPUT','SYS', 'OTHER' @ https://assets.aliexpress-media.com/g/ae-fe/cosmos/0.0.427/pc/gep-sdk.js:0
[    2340ms] [WARNING] 'et' should been 'EXP','CLK','SLD','INPUT','SYS', 'OTHER' @ https://assets.aliexpress-media.com/g/ae-fe/cosmos/0.0.427/pc/gep-sdk.js:0
[    2340ms] [WARNING] 'et' should been 'EXP','CLK','SLD','INPUT','SYS', 'OTHER' @ https://assets.aliexpress-media.com/g/ae-fe/cosmos/0.0.427/pc/gep-sdk.js:0
[    2340ms] [WARNING] 'et' should been 'EXP','CLK','SLD','INPUT','SYS', 'OTHER' @ https://assets.aliexpress-media.com/g/ae-fe/cosmos/0.0.427/pc/gep-sdk.js:0
[    2341ms] [WARNING] 'et' should been 'EXP','CLK','SLD','INPUT','SYS', 'OTHER' @ https://assets.aliexpress-media.com/g/ae-fe/cosmos/0.0.427/pc/gep-sdk.js:0
[    2341ms] [WARNING] 'et' should been 'EXP','CLK','SLD','INPUT','SYS', 'OTHER' @ https://assets.aliexpress-media.com/g/ae-fe/cosmos/0.0.427/pc/gep-sdk.js:0
[    2342ms] [WARNING] 'et' should been 'EXP','CLK','SLD','INPUT','SYS', 'OTHER' @ https://assets.aliexpress-media.com/g/ae-fe/cosmos/0.0.427/pc/gep-sdk.js:0
[    2342ms] [WARNING] 'et' should been 'EXP','CLK','SLD','INPUT','SYS', 'OTHER' @ https://assets.aliexpress-media.com/g/ae-fe/cosmos/0.0.427/pc/gep-sdk.js:0
[    2342ms] [WARNING] 'et' should been 'EXP','CLK','SLD','INPUT','SYS', 'OTHER' @ https://assets.aliexpress-media.com/g/ae-fe/cosmos/0.0.427/pc/gep-sdk.js:0
[    2342ms] [WARNING] 'et' should been 'EXP','CLK','SLD','INPUT','SYS', 'OTHER' @ https://assets.aliexpress-media.com/g/ae-fe/cosmos/0.0.427/pc/gep-sdk.js:0
[    2342ms] [WARNING] 'et' should been 'EXP','CLK','SLD','INPUT','SYS', 'OTHER' @ https://assets.aliexpress-media.com/g/ae-fe/cosmos/0.0.427/pc/gep-sdk.js:0
[    2342ms] [WARNING] 'et' should been 'EXP','CLK','SLD','INPUT','SYS', 'OTHER' @ https://assets.aliexpress-media.com/g/ae-fe/cosmos/0.0.427/pc/gep-sdk.js:0
[    2384ms] [LOG] [poplayer-web-container] init {positionSign: PC_Search_Ui_Product_List} @ https://assets.aliexpress-media.com/g/ae-fe/cosmos/0.0.427/pc/pop-layer.js:0
[    2384ms] [WARNING] 'et' should been 'EXP','CLK','SLD','INPUT','SYS', 'OTHER' @ https://assets.aliexpress-media.com/g/ae-fe/cosmos/0.0.427/pc/gep-sdk.js:0
[    2387ms] [WARNING] 'et' should been 'EXP','CLK','SLD','INPUT','SYS', 'OTHER' @ https://assets.aliexpress-media.com/g/ae-fe/cosmos/0.0.427/pc/gep-sdk.js:0
[    2394ms] [WARNING] 'et' should been 'EXP','CLK','SLD','INPUT','SYS', 'OTHER' @ https://assets.aliexpress-media.com/g/ae-fe/cosmos/0.0.427/pc/gep-sdk.js:0
[    2396ms] [WARNING] 'et' should been 'EXP','CLK','SLD','INPUT','SYS', 'OTHER' @ https://assets.aliexpress-media.com/g/ae-fe/cosmos/0.0.427/pc/gep-sdk.js:0
[    2487ms] [LOG] load succ @ https://assets.aliexpress-media.com/g/ae-fe/cosmos/0.0.427/pc/index.js:0
[    2514ms] [WARNING] 'et' should been 'EXP','CLK','SLD','INPUT','SYS', 'OTHER' @ https://assets.aliexpress-media.com/g/ae-fe/cosmos/0.0.427/pc/gep-sdk.js:0
[    2559ms] [WARNING] 'et' should been 'EXP','CLK','SLD','INPUT','SYS', 'OTHER' @ https://assets.aliexpress-media.com/g/ae-fe/cosmos/0.0.427/pc/gep-sdk.js:0
[    2582ms] [WARNING] [GSI_LOGGER]: Your client application uses one of the Google One Tap prompt UI status methods that may stop functioning when FedCM becomes mandatory. Refer to the migration guide to update your code accordingly and opt-in to FedCM to test your changes. Learn more: https://developers.google.com/identity/gsi/web/guides/fedcm-migration?s=dc#display_moment and https://developers.google.com/identity/gsi/web/guides/fedcm-migration?s=dc#skipped_moment @ https://accounts.google.com/gsi/client:84
[    2603ms] [WARNING] 'et' should been 'EXP','CLK','SLD','INPUT','SYS', 'OTHER' @ https://assets.aliexpress-media.com/g/ae-fe/cosmos/0.0.427/pc/gep-sdk.js:0
[    2778ms] [WARNING] 'et' should been 'EXP','CLK','SLD','INPUT','SYS', 'OTHER' @ https://assets.aliexpress-media.com/g/ae-fe/cosmos/0.0.427/pc/gep-sdk.js:0
[    2781ms] [WARNING] 'et' should been 'EXP','CLK','SLD','INPUT','SYS', 'OTHER' @ https://assets.aliexpress-media.com/g/ae-fe/cosmos/0.0.427/pc/gep-sdk.js:0
[    2921ms] [ERROR] Provider's accounts list is empty. @ https://www.aliexpress.com/w/wholesale-32gb-microsd-card-class-10.html?shipTo=KH:0
[    2931ms] [WARNING] 'et' should been 'EXP','CLK','SLD','INPUT','SYS', 'OTHER' @ https://assets.aliexpress-media.com/g/ae-fe/cosmos/0.0.427/pc/gep-sdk.js:0
[    2932ms] [WARNING] 'et' should been 'EXP','CLK','SLD','INPUT','SYS', 'OTHER' @ https://assets.aliexpress-media.com/g/ae-fe/cosmos/0.0.427/pc/gep-sdk.js:0
[    2938ms] [WARNING] 'et' should been 'EXP','CLK','SLD','INPUT','SYS', 'OTHER' @ https://assets.aliexpress-media.com/g/ae-fe/cosmos/0.0.427/pc/gep-sdk.js:0
[    2939ms] [WARNING] 'et' should been 'EXP','CLK','SLD','INPUT','SYS', 'OTHER' @ https://assets.aliexpress-media.com/g/ae-fe/cosmos/0.0.427/pc/gep-sdk.js:0
[    2941ms] [WARNING] 'et' should been 'EXP','CLK','SLD','INPUT','SYS', 'OTHER' @ https://assets.aliexpress-media.com/g/ae-fe/cosmos/0.0.427/pc/gep-sdk.js:0
[    2948ms] [WARNING] 'et' should been 'EXP','CLK','SLD','INPUT','SYS', 'OTHER' @ https://assets.aliexpress-media.com/g/ae-fe/cosmos/0.0.427/pc/gep-sdk.js:0
[    3115ms] [WARNING] 'et' should been 'EXP','CLK','SLD','INPUT','SYS', 'OTHER' @ https://assets.aliexpress-media.com/g/ae-fe/cosmos/0.0.427/pc/gep-sdk.js:0
[    3190ms] [WARNING] 'et' should been 'EXP','CLK','SLD','INPUT','SYS', 'OTHER' @ https://assets.aliexpress-media.com/g/ae-fe/cosmos/0.0.427/pc/gep-sdk.js:0
[    3215ms] [WARNING] [GSI_LOGGER]: Your client application uses one of the Google One Tap prompt UI status methods that may stop functioning when FedCM becomes mandatory. Refer to the migration guide to update your code accordingly and opt-in to FedCM to test your changes. Learn more: https://developers.google.com/identity/gsi/web/guides/fedcm-migration?s=dc#display_moment and https://developers.google.com/identity/gsi/web/guides/fedcm-migration?s=dc#skipped_moment @ https://accounts.google.com/gsi/client:84
[    3219ms] [ERROR] Not signed in with the identity provider. @ https://www.aliexpress.com/w/wholesale-inmp441-i2s-microphone.html?shipTo=KH:0
[    3244ms] [WARNING] 'et' should been 'EXP','CLK','SLD','INPUT','SYS', 'OTHER' @ https://assets.aliexpress-media.com/g/ae-fe/cosmos/0.0.427/pc/gep-sdk.js:0
[    3260ms] [WARNING] 'et' should been 'EXP','CLK','SLD','INPUT','SYS', 'OTHER' @ https://assets.aliexpress-media.com/g/ae-fe/cosmos/0.0.427/pc/gep-sdk.js:0
[    3531ms] [WARNING] 'et' should been 'EXP','CLK','SLD','INPUT','SYS', 'OTHER' @ https://assets.aliexpress-media.com/g/ae-fe/cosmos/0.0.427/pc/gep-sdk.js:0
[    3534ms] [WARNING] 'et' should been 'EXP','CLK','SLD','INPUT','SYS', 'OTHER' @ https://assets.aliexpress-media.com/g/ae-fe/cosmos/0.0.427/pc/gep-sdk.js:0
[    3613ms] [WARNING] 'et' should been 'EXP','CLK','SLD','INPUT','SYS', 'OTHER' @ https://assets.aliexpress-media.com/g/ae-fe/cosmos/0.0.427/pc/gep-sdk.js:0
[    3614ms] [WARNING] 'et' should been 'EXP','CLK','SLD','INPUT','SYS', 'OTHER' @ https://assets.aliexpress-media.com/g/ae-fe/cosmos/0.0.427/pc/gep-sdk.js:0
[    3886ms] [ERROR] [GSI_LOGGER]: FedCM get() rejects with NetworkError: Error retrieving a token. @ https://accounts.google.com/gsi/client:85
[    4616ms] [WARNING] 'et' should been 'EXP','CLK','SLD','INPUT','SYS', 'OTHER' @ https://assets.aliexpress-media.com/g/ae-fe/cosmos/0.0.427/pc/gep-sdk.js:0
[   17554ms] [ERROR] [GSI_LOGGER]: FedCM get() rejects with NetworkError: Error retrieving a token. @ https://accounts.google.com/gsi/client:85
